Using pre-set license
Built from '2022.3/staging' branch; Version is '2022.3.26f1 (ec6cd8118806) revision 15494360'; Using compiler version '192829333'; Build Type 'Release'
OS: 'Windows 11  (10.0.22631) 64bit Core' Language: 'ja' Physical Memory: 16124 MB
BatchMode: 1, IsHumanControllingUs: 0, StartBugReporterOnCrash: 0, Is64bit: 1, IsPro: 1

COMMAND LINE ARGUMENTS:
C:\Program Files\Unity\Hub\Editor\2022.3.26f1\Editor\Unity.exe
-adb2
-batchMode
-noUpm
-name
AssetImportWorker6
-projectPath
C:/unity/Yaki29/Yakiniku
-logFile
Logs/AssetImportWorker6.log
-srvPort
52467
Successfully changed project path to: C:/unity/Yaki29/Yakiniku
C:/unity/Yaki29/Yakiniku
[UnityMemory] Configuration Parameters - Can be set up in boot.config
    "memorysetup-bucket-allocator-granularity=16"
    "memorysetup-bucket-allocator-bucket-count=8"
    "memorysetup-bucket-allocator-block-size=33554432"
    "memorysetup-bucket-allocator-block-count=8"
    "memorysetup-main-allocator-block-size=16777216"
    "memorysetup-thread-allocator-block-size=16777216"
    "memorysetup-gfx-main-allocator-block-size=16777216"
    "memorysetup-gfx-thread-allocator-block-size=16777216"
    "memorysetup-cache-allocator-block-size=4194304"
    "memorysetup-typetree-allocator-block-size=2097152"
    "memorysetup-profiler-bucket-allocator-granularity=16"
    "memorysetup-profiler-bucket-allocator-bucket-count=8"
    "memorysetup-profiler-bucket-allocator-block-size=33554432"
    "memorysetup-profiler-bucket-allocator-block-count=8"
    "memorysetup-profiler-allocator-block-size=16777216"
    "memorysetup-profiler-editor-allocator-block-size=1048576"
    "memorysetup-temp-allocator-size-main=16777216"
    "memorysetup-job-temp-allocator-block-size=2097152"
    "memorysetup-job-temp-allocator-block-size-background=1048576"
    "memorysetup-job-temp-allocator-reduction-small-platforms=262144"
    "memorysetup-allocator-temp-initial-block-size-main=262144"
    "memorysetup-allocator-temp-initial-block-size-worker=262144"
    "memorysetup-temp-allocator-size-background-worker=32768"
    "memorysetup-temp-allocator-size-job-worker=262144"
    "memorysetup-temp-allocator-size-preload-manager=33554432"
    "memorysetup-temp-allocator-size-nav-mesh-worker=65536"
    "memorysetup-temp-allocator-size-audio-worker=65536"
    "memorysetup-temp-allocator-size-cloud-worker=32768"
    "memorysetup-temp-allocator-size-gi-baking-worker=262144"
    "memorysetup-temp-allocator-size-gfx=262144"
Player connection [10172] Host "[IP] 172.16.211.129 [Port] 0 [Flags] 2 [Guid] 1865104851 [EditorId] 1865104851 [Version] 1048832 [Id] WindowsEditor(7,DESKTOP-1HTIUE3) [Debug] 1 [PackageName] WindowsEditor [ProjectName] Editor" joined multi-casting on [225.0.0.222:54997]...

Player connection [10172] Host "[IP] 172.16.211.129 [Port] 0 [Flags] 2 [Guid] 1865104851 [EditorId] 1865104851 [Version] 1048832 [Id] WindowsEditor(7,DESKTOP-1HTIUE3) [Debug] 1 [PackageName] WindowsEditor [ProjectName] Editor" joined alternative multi-casting on [225.0.0.222:34997]...

[Physics::Module] Initialized MultithreadedJobDispatcher with 19 workers.
Refreshing native plugins compatible for Editor in 11.13 ms, found 4 plugins.
Preloading 0 native plugins for Editor in 0.00 ms.
Initialize engine version: 2022.3.26f1 (ec6cd8118806)
[Subsystems] Discovering subsystems at path C:/Program Files/Unity/Hub/Editor/2022.3.26f1/Editor/Data/Resources/UnitySubsystems
[Subsystems] Discovering subsystems at path C:/unity/Yaki29/Yakiniku/Assets
GfxDevice: creating device client; threaded=0; jobified=0
Direct3D:
    Version:  Direct3D 11.0 [level 11.1]
    Renderer: NVIDIA GeForce RTX 3050 Laptop GPU (ID=0x25a2)
    Vendor:   NVIDIA
    VRAM:     3965 MB
    Driver:   31.0.15.5222
Initialize mono
Mono path[0] = 'C:/Program Files/Unity/Hub/Editor/2022.3.26f1/Editor/Data/Managed'
Mono path[1] = 'C:/Program Files/Unity/Hub/Editor/2022.3.26f1/Editor/Data/MonoBleedingEdge/lib/mono/unityjit-win32'
Mono config path = 'C:/Program Files/Unity/Hub/Editor/2022.3.26f1/Editor/Data/MonoBleedingEdge/etc'
Using monoOptions --debugger-agent=transport=dt_socket,embedding=1,server=y,suspend=n,address=127.0.0.1:56236
Begin MonoManager ReloadAssembly
Registering precompiled unity dll's ...
Register platform support module: C:/Program Files/Unity/Hub/Editor/2022.3.26f1/Editor/Data/PlaybackEngines/WebGLSupport/UnityEditor.WebGL.Extensions.dll
Register platform support module: C:/Program Files/Unity/Hub/Editor/2022.3.26f1/Editor/Data/PlaybackEngines/WindowsStandaloneSupport/UnityEditor.WindowsStandalone.Extensions.dll
Registered in 0.008451 seconds.
- Loaded All Assemblies, in  0.370 seconds
Native extension for WindowsStandalone target not found
Native extension for WebGL target not found
Mono: successfully reloaded assembly
- Finished resetting the current domain, in  0.212 seconds
Domain Reload Profiling: 580ms
	BeginReloadAssembly (132ms)
		ExecutionOrderSort (0ms)
		DisableScriptedObjects (0ms)
		BackupInstance (0ms)
		ReleaseScriptingObjects (0ms)
		CreateAndSetChildDomain (1ms)
	RebuildCommonClasses (31ms)
	RebuildNativeTypeToScriptingClass (10ms)
	initialDomainReloadingComplete (57ms)
	LoadAllAssembliesAndSetupDomain (138ms)
		LoadAssemblies (129ms)
		RebuildTransferFunctionScriptingTraits (0ms)
		AnalyzeDomain (136ms)
			TypeCache.Refresh (134ms)
				TypeCache.ScanAssembly (122ms)
			ScanForSourceGeneratedMonoScriptInfo (0ms)
			ResolveRequiredComponents (0ms)
	FinalizeReload (212ms)
		ReleaseScriptCaches (0ms)
		RebuildScriptCaches (0ms)
		SetupLoadedEditorAssemblies (166ms)
			LogAssemblyErrors (0ms)
			InitializePlatformSupportModulesInManaged (8ms)
			SetLoadedEditorAssemblies (4ms)
			RefreshPlugins (0ms)
			BeforeProcessingInitializeOnLoad (2ms)
			ProcessInitializeOnLoadAttributes (115ms)
			ProcessInitializeOnLoadMethodAttributes (36ms)
			AfterProcessingInitializeOnLoad (0ms)
			EditorAssembliesLoaded (0ms)
		ExecutionOrderSort2 (0ms)
		AwakeInstancesAfterBackupRestoration (0ms)
========================================================================
Worker process is ready to serve import requests
Begin MonoManager ReloadAssembly
- Loaded All Assemblies, in  0.533 seconds
Refreshing native plugins compatible for Editor in 2.98 ms, found 4 plugins.
Native extension for WindowsStandalone target not found
Native extension for WebGL target not found
Package Manager log level set to [2]
[Package Manager] Server::EnsureServerProcessIsRunning -- launch failed, reason: Unity was launched with the -noUpm command-line argument
[Package Manager] UpmClient::Send -- Unable to send message (not connected to UPM process).
[Package Manager] Cannot connect to Unity Package Manager local server
Mono: successfully reloaded assembly
- Finished resetting the current domain, in  0.494 seconds
Domain Reload Profiling: 1025ms
	BeginReloadAssembly (105ms)
		ExecutionOrderSort (0ms)
		DisableScriptedObjects (3ms)
		BackupInstance (0ms)
		ReleaseScriptingObjects (0ms)
		CreateAndSetChildDomain (16ms)
	RebuildCommonClasses (25ms)
	RebuildNativeTypeToScriptingClass (8ms)
	initialDomainReloadingComplete (41ms)
	LoadAllAssembliesAndSetupDomain (351ms)
		LoadAssemblies (249ms)
		RebuildTransferFunctionScriptingTraits (0ms)
		AnalyzeDomain (163ms)
			TypeCache.Refresh (136ms)
				TypeCache.ScanAssembly (124ms)
			ScanForSourceGeneratedMonoScriptInfo (19ms)
			ResolveRequiredComponents (7ms)
	FinalizeReload (495ms)
		ReleaseScriptCaches (0ms)
		RebuildScriptCaches (0ms)
		SetupLoadedEditorAssemblies (377ms)
			LogAssemblyErrors (0ms)
			InitializePlatformSupportModulesInManaged (7ms)
			SetLoadedEditorAssemblies (3ms)
			RefreshPlugins (0ms)
			BeforeProcessingInitializeOnLoad (54ms)
			ProcessInitializeOnLoadAttributes (249ms)
			ProcessInitializeOnLoadMethodAttributes (60ms)
			AfterProcessingInitializeOnLoad (5ms)
			EditorAssembliesLoaded (0ms)
		ExecutionOrderSort2 (0ms)
		AwakeInstancesAfterBackupRestoration (5ms)
Launched and connected shader compiler UnityShaderCompiler.exe after 0.05 seconds
Refreshing native plugins compatible for Editor in 3.89 ms, found 4 plugins.
Preloading 0 native plugins for Editor in 0.00 ms.
Unloading 5741 Unused Serialized files (Serialized files now loaded: 0)
Unloading 92 unused Assets / (0.5 MB). Loaded Objects now: 6194.
Memory consumption went from 228.4 MB to 227.9 MB.
Total: 4.254500 ms (FindLiveObjects: 0.388700 ms CreateObjectMapping: 0.221200 ms MarkObjects: 3.378000 ms  DeleteObjects: 0.265700 ms)

AssetImportParameters requested are different than current active one (requested -> active):
  custom:container-demuxer-ogg: 62fdf1f143b41e24485cea50d1cbac27 -> 
  custom:video-codec-MediaFoundation-h265: 746d11721c4dcdbdad8f713fa42b33f4 -> 
  custom:video-decoder-ogg-theora: a1e56fd34408186e4bbccfd4996cb3dc -> 
  custom:framework-win-MediaFoundation: 216162199b28c13a410421893ffa2e32 -> 
  custom:CustomObjectIndexerAttribute: 72b91833f83ae208fae7752999fa3104 -> 
  custom:container-demuxer-webm: 4f35f7cbe854078d1ac9338744f61a02 -> 
  custom:container-muxer-webm: aa71ff27fc2769a1b78a27578f13a17b -> 
  custom:video-decoder-webm-vp8: 9c59270c3fd7afecdb556c50c9e8de78 -> 
  custom:SearchIndexIgnoredProperties: e643bd26f0fe6173181afceb89e7c659 -> 
  custom:AudioImporter_EditorPlatform: d09bf68614088b80899f8185d706f6e7 -> 
  custom:video-encoder-webm-vp8: eb34c28f22e8b96e1ab97ce403110664 -> 
  custom:audio-decoder-ogg-vorbis: bf7c407c2cedff20999df2af8eb42d56 -> 
  custom:audio-encoder-webm-vorbis: bf7c407c2cedff20999df2af8eb42d56 -> 
========================================================================
Received Import Request.
  Time since last request: 128408.339033 seconds.
  path: Assets/Creator Kit - RPG/Art/Tiles/Tiles_Desert_1.asset
  artifactKey: Guid(a5bc2c8e30c5f2b498bf982c0fcd580f) Importer(815301076,1909f56bfc062723c751e8b465ee728b)
Start importing Assets/Creator Kit - RPG/Art/Tiles/Tiles_Desert_1.asset using Guid(a5bc2c8e30c5f2b498bf982c0fcd580f) Importer(815301076,1909f56bfc062723c751e8b465ee728b)  -> (artifact id: 'bd6c6874a97e8b5a2fc29b7d798ba681') in 0.153119 seconds
Number of updated asset objects reloaded before import = 0
Number of asset objects unloaded after import = 3
========================================================================
Received Import Request.
  Time since last request: 0.000061 seconds.
  path: Assets/Creator Kit - RPG/Art/Tiles/Tiles_Desert_4.asset
  artifactKey: Guid(52de7f84af3b5f946a58e36df7b76e2c) Importer(815301076,1909f56bfc062723c751e8b465ee728b)
Start importing Assets/Creator Kit - RPG/Art/Tiles/Tiles_Desert_4.asset using Guid(52de7f84af3b5f946a58e36df7b76e2c) Importer(815301076,1909f56bfc062723c751e8b465ee728b)  -> (artifact id: '115447edd7ee86e346e9574c9cc28e8d') in 0.008608 seconds
Number of updated asset objects reloaded before import = 0
Number of asset objects unloaded after import = 3
========================================================================
Received Import Request.
  Time since last request: 0.000296 seconds.
  path: Assets/Creator Kit - RPG/Art/Tiles/Tiles_GrassIntersections_5.asset
  artifactKey: Guid(3717692a9313db845ad75f5412cef530) Importer(815301076,1909f56bfc062723c751e8b465ee728b)
Start importing Assets/Creator Kit - RPG/Art/Tiles/Tiles_GrassIntersections_5.asset using Guid(3717692a9313db845ad75f5412cef530) Importer(815301076,1909f56bfc062723c751e8b465ee728b)  -> (artifact id: 'a3c4649f4aef59e47b0e3deda2fe8275') in 0.002687 seconds
Number of updated asset objects reloaded before import = 0
Number of asset objects unloaded after import = 1
========================================================================
Received Import Request.
  Time since last request: 0.000144 seconds.
  path: Assets/Creator Kit - RPG/Art/Tiles/Tiles_DesertToGrass_8.asset
  artifactKey: Guid(36199b8e45c86e1469192bd8bfada664) Importer(815301076,1909f56bfc062723c751e8b465ee728b)
Start importing Assets/Creator Kit - RPG/Art/Tiles/Tiles_DesertToGrass_8.asset using Guid(36199b8e45c86e1469192bd8bfada664) Importer(815301076,1909f56bfc062723c751e8b465ee728b)  -> (artifact id: 'cd3a3c4b40230e83637dc54b65521175') in 0.016155 seconds
Number of updated asset objects reloaded before import = 0
Number of asset objects unloaded after import = 3
========================================================================
Received Import Request.
  Time since last request: 0.000467 seconds.
  path: Assets/Creator Kit - RPG/Art/Tiles/Tiles_Grass_7.asset
  artifactKey: Guid(33fd426a38eadf747b4c5d703fd402aa) Importer(815301076,1909f56bfc062723c751e8b465ee728b)
Start importing Assets/Creator Kit - RPG/Art/Tiles/Tiles_Grass_7.asset using Guid(33fd426a38eadf747b4c5d703fd402aa) Importer(815301076,1909f56bfc062723c751e8b465ee728b)  -> (artifact id: 'd9eb865ac1f8e64a794029766a1710ba') in 0.010286 seconds
Number of updated asset objects reloaded before import = 0
Number of asset objects unloaded after import = 3
========================================================================
Received Import Request.
  Time since last request: 0.000070 seconds.
  path: Assets/Creator Kit - RPG/Art/Tiles/Tiles_Grass_3.asset
  artifactKey: Guid(4bc4ce7c4271cfe4a9a8f6287818af2e) Importer(815301076,1909f56bfc062723c751e8b465ee728b)
Start importing Assets/Creator Kit - RPG/Art/Tiles/Tiles_Grass_3.asset using Guid(4bc4ce7c4271cfe4a9a8f6287818af2e) Importer(815301076,1909f56bfc062723c751e8b465ee728b)  -> (artifact id: '9c4ef89b951ca70d08ae507cc512c820') in 0.007700 seconds
Number of updated asset objects reloaded before import = 0
Number of asset objects unloaded after import = 3
========================================================================
Received Import Request.
  Time since last request: 0.000262 seconds.
  path: Assets/Creator Kit - RPG/Art/Tiles/Tiles_DesertToGrass_2.asset
  artifactKey: Guid(606dbbe833fc4514a90eb008f21746a8) Importer(815301076,1909f56bfc062723c751e8b465ee728b)
Start importing Assets/Creator Kit - RPG/Art/Tiles/Tiles_DesertToGrass_2.asset using Guid(606dbbe833fc4514a90eb008f21746a8) Importer(815301076,1909f56bfc062723c751e8b465ee728b)  -> (artifact id: '70258991e1d17b926386a28fac7dbfb6') in 0.021399 seconds
Number of updated asset objects reloaded before import = 0
Number of asset objects unloaded after import = 3
========================================================================
Received Import Request.
  Time since last request: 0.000036 seconds.
  path: Assets/Creator Kit - RPG/Art/Tiles/Tiles_DesertIntersections_0.asset
  artifactKey: Guid(7212dcdc11ce0ca4c9279fa31f85b32c) Importer(815301076,1909f56bfc062723c751e8b465ee728b)
Start importing Assets/Creator Kit - RPG/Art/Tiles/Tiles_DesertIntersections_0.asset using Guid(7212dcdc11ce0ca4c9279fa31f85b32c) Importer(815301076,1909f56bfc062723c751e8b465ee728b)  -> (artifact id: 'd59eb40106c73aaaaf8dc5765dd10065') in 0.003388 seconds
Number of updated asset objects reloaded before import = 0
Number of asset objects unloaded after import = 1
========================================================================
Received Import Request.
  Time since last request: 0.000174 seconds.
  path: Assets/Creator Kit - RPG/Art/Tiles/Tiles_DesertToGrass_1.asset
  artifactKey: Guid(1f5268949291cb8469782134b597f698) Importer(815301076,1909f56bfc062723c751e8b465ee728b)
Start importing Assets/Creator Kit - RPG/Art/Tiles/Tiles_DesertToGrass_1.asset using Guid(1f5268949291cb8469782134b597f698) Importer(815301076,1909f56bfc062723c751e8b465ee728b)  -> (artifact id: '6fe5b673e8169fb606da70b85b162f79') in 0.016185 seconds
Number of updated asset objects reloaded before import = 0
Number of asset objects unloaded after import = 3
========================================================================
Received Import Request.
  Time since last request: 0.000348 seconds.
  path: Assets/Creator Kit - RPG/Art/Tiles/Tiles_GrassIntersections_2.asset
  artifactKey: Guid(80d3b46a84ea512489f62807d6d4c2eb) Importer(815301076,1909f56bfc062723c751e8b465ee728b)
Start importing Assets/Creator Kit - RPG/Art/Tiles/Tiles_GrassIntersections_2.asset using Guid(80d3b46a84ea512489f62807d6d4c2eb) Importer(815301076,1909f56bfc062723c751e8b465ee728b)  -> (artifact id: '4a4376c5eeb532af79752da7f604ef3b') in 0.003115 seconds
Number of updated asset objects reloaded before import = 0
Number of asset objects unloaded after import = 1
========================================================================
Received Import Request.
  Time since last request: 0.800516 seconds.
  path: Assets/Creator Kit - RPG/Art/Tiles/Tiles_GrassToDesert_5.asset
  artifactKey: Guid(07ea74f3206362b4d99bc7c9c0870c11) Importer(815301076,1909f56bfc062723c751e8b465ee728b)
Start importing Assets/Creator Kit - RPG/Art/Tiles/Tiles_GrassToDesert_5.asset using Guid(07ea74f3206362b4d99bc7c9c0870c11) Importer(815301076,1909f56bfc062723c751e8b465ee728b)  -> (artifact id: '7e7f0ba472f715083d4abe767a3e354d') in 0.017795 seconds
Number of updated asset objects reloaded before import = 0
Number of asset objects unloaded after import = 3
========================================================================
Received Import Request.
  Time since last request: 0.000078 seconds.
  path: Assets/Creator Kit - RPG/Art/Tiles/treesv6_0_0.asset
  artifactKey: Guid(5b3257d3114694e42b3b839c0dbb9720) Importer(815301076,1909f56bfc062723c751e8b465ee728b)
Start importing Assets/Creator Kit - RPG/Art/Tiles/treesv6_0_0.asset using Guid(5b3257d3114694e42b3b839c0dbb9720) Importer(815301076,1909f56bfc062723c751e8b465ee728b)  -> (artifact id: 'a74ad0cdb6fcd66fc66bc6e463356d6e') in 0.003083 seconds
Number of updated asset objects reloaded before import = 0
Number of asset objects unloaded after import = 1
========================================================================
Received Import Request.
  Time since last request: 0.000393 seconds.
  path: Assets/Creator Kit - RPG/Art/Tiles/treesv6_0_3.asset
  artifactKey: Guid(51640359f3a4749f89d70aa3b40b0d23) Importer(815301076,1909f56bfc062723c751e8b465ee728b)
Start importing Assets/Creator Kit - RPG/Art/Tiles/treesv6_0_3.asset using Guid(51640359f3a4749f89d70aa3b40b0d23) Importer(815301076,1909f56bfc062723c751e8b465ee728b)  -> (artifact id: '07d12f514751f6353e61ad59d255efcc') in 0.002080 seconds
Number of updated asset objects reloaded before import = 0
Number of asset objects unloaded after import = 1
========================================================================
Received Import Request.
  Time since last request: 43.321379 seconds.
  path: Assets/Creator Kit - RPG/Art/Sprites/Animated Environment/Animated_Tree1_Sheet.png
  artifactKey: Guid(c12a9ef0e75f18949a86a10822cf29f5) Importer(815301076,1909f56bfc062723c751e8b465ee728b)
Start importing Assets/Creator Kit - RPG/Art/Sprites/Animated Environment/Animated_Tree1_Sheet.png using Guid(c12a9ef0e75f18949a86a10822cf29f5) Importer(815301076,1909f56bfc062723c751e8b465ee728b)  -> (artifact id: '5dc7f6994a5a89a7c6d900d4f0cc2ed1') in 0.254243 seconds
Number of updated asset objects reloaded before import = 0
Number of asset objects unloaded after import = 10
========================================================================
Received Import Request.
  Time since last request: 0.000745 seconds.
  path: Assets/Creator Kit - RPG/Art/Sprites/Animated Environment
  artifactKey: Guid(061f0d3f22cdeb14ab9c1680b6aa0973) Importer(815301076,1909f56bfc062723c751e8b465ee728b)
Start importing Assets/Creator Kit - RPG/Art/Sprites/Animated Environment using Guid(061f0d3f22cdeb14ab9c1680b6aa0973) Importer(815301076,1909f56bfc062723c751e8b465ee728b)  -> (artifact id: '973c073264026d231337409d36532c25') in 0.002488 seconds
Number of updated asset objects reloaded before import = 0
Number of asset objects unloaded after import = 0
========================================================================
Received Import Request.
  Time since last request: 0.001342 seconds.
  path: Assets/Creator Kit - RPG/Art/Sprites/Animated Environment/Animated_Tree3_Sheet.png
  artifactKey: Guid(12d14b4f7de20ff4da9bc415c17c4162) Importer(815301076,1909f56bfc062723c751e8b465ee728b)
Start importing Assets/Creator Kit - RPG/Art/Sprites/Animated Environment/Animated_Tree3_Sheet.png using Guid(12d14b4f7de20ff4da9bc415c17c4162) Importer(815301076,1909f56bfc062723c751e8b465ee728b)  -> (artifact id: '5c2f6d3e7b366d13d551c7c039705f0c') in 0.090816 seconds
Number of updated asset objects reloaded before import = 0
Number of asset objects unloaded after import = 10
Editor requested this worker to shutdown with reason: Scaling down because of idle timeout
TcpMessagingSession - receive error: operation aborted. errorcode: 995, details: スレッドの終了またはアプリケーションの要求によって、I/O 処理は中止されました。
AssetImportWorker is now disconnected from the server
Process exiting
Exiting without the bug reporter. Application will terminate with return code 0